0 info it worked if it ends with ok
1 verbose cli [ 'node', '/usr/local/bin/npm', 'run', 'dev' ]
2 info using npm@1.4.28
3 info using node@v0.10.35
4 verbose run-script [ 'predev', 'dev', 'postdev' ]
5 info predev nub@0.0.1
6 info dev nub@0.0.1
7 verbose unsafe-perm in lifecycle true
8 info nub@0.0.1 Failed to exec dev script
9 error nub@0.0.1 dev: `webpack -d --watch`
9 error Exit status 8
10 error Failed at the nub@0.0.1 dev script.
10 error This is most likely a problem with the nub package,
10 error not with npm itself.
10 error Tell the author that this fails on your system:
10 error     webpack -d --watch
10 error You can get their info via:
10 error     npm owner ls nub
10 error There is likely additional logging output above.
11 error System Darwin 15.0.0
12 error command "node" "/usr/local/bin/npm" "run" "dev"
13 error cwd /Users/tyler/Projects/nub
14 error node -v v0.10.35
15 error npm -v 1.4.28
16 error code ELIFECYCLE
17 verbose exit [ 1, true ]
